d:\downloads\baseappopengl_t2020\baseappopengl\debug\vc143.pdb
d:\downloads\baseappopengl_t2020\baseappopengl\debug\vc143.idb
d:\downloads\baseappopengl_t2020\baseappopengl\debug\scenemanager.obj
d:\downloads\baseappopengl_t2020\baseappopengl\debug\scenebaseclass.obj
d:\downloads\baseappopengl_t2020\baseappopengl\debug\scene6.obj
d:\downloads\baseappopengl_t2020\baseappopengl\debug\scene5.obj
d:\downloads\baseappopengl_t2020\baseappopengl\debug\scene4.obj
d:\downloads\baseappopengl_t2020\baseappopengl\debug\scene3.obj
d:\downloads\baseappopengl_t2020\baseappopengl\debug\scene2.obj
d:\downloads\baseappopengl_t2020\baseappopengl\debug\scene1.obj
d:\downloads\baseappopengl_t2020\baseappopengl\debug\main.obj
d:\downloads\baseappopengl_t2020\baseappopengl\debug\helpers.obj
d:\downloads\baseappopengl_t2020\baseappopengl\debug\gltexture.obj
d:\downloads\baseappopengl_t2020\baseappopengl\debug\ctimer.obj
d:\downloads\baseappopengl_t2020\baseappopengl\debug\ctexture.obj
d:\downloads\baseappopengl_t2020\baseappopengl\debug\ctexto.obj
d:\downloads\baseappopengl_t2020\baseappopengl\debug\cshadermanager.obj
d:\downloads\baseappopengl_t2020\baseappopengl\debug\cmodel_3ds.obj
d:\downloads\baseappopengl_t2020\baseappopengl\debug\ccamera.obj
d:\downloads\baseappopengl_t2020\debug\baseappopengl.exe
d:\downloads\baseappopengl_t2020\baseappopengl\debug\baseappopengl.ilk
d:\downloads\baseappopengl_t2020\debug\baseappopengl.pdb
d:\downloads\baseappopengl_t2020\baseappopengl\debug\baseappopengl.tlog\cl.command.1.tlog
d:\downloads\baseappopengl_t2020\baseappopengl\debug\baseappopengl.tlog\cl.read.1.tlog
d:\downloads\baseappopengl_t2020\baseappopengl\debug\baseappopengl.tlog\cl.write.1.tlog
d:\downloads\baseappopengl_t2020\baseappopengl\debug\baseappopengl.tlog\link.command.1.tlog
d:\downloads\baseappopengl_t2020\baseappopengl\debug\baseappopengl.tlog\link.read.1.tlog
d:\downloads\baseappopengl_t2020\baseappopengl\debug\baseappopengl.tlog\link.write.1.tlog
